2020-03-24 06:50:23.527+0000 [id=26]	INFO	jenkins.InitReactorRunner$1#onAttained: Prepared all plugins
2020-03-24 06:50:24.370+0000 [id=27]	WARNING	i.f.kubernetes.client.Config#tryServiceAccount: Error reading service account token from: [/var/run/secrets/kubernetes.io/serviceaccount/token]. Ignoring.
2020-03-24 06:50:31.199+0000 [id=27]	SEVERE	c.c.j.p.k.KubernetesCredentialProvider#startWatchingForSecrets: Failed to initialise k8s secret provider, secrets from Kubernetes will not be available
java.net.UnknownHostException: kubernetes.default.svc: Name or service not known
	at java.net.Inet4AddressImpl.lookupAllHostAddr(Native Method)
	at java.net.InetAddress$2.lookupAllHostAddr(InetAddress.java:929)
	at java.net.InetAddress.getAddressesFromNameService(InetAddress.java:1324)
	at java.net.InetAddress.getAllByName0(InetAddress.java:1277)
	at java.net.InetAddress.getAllByName(InetAddress.java:1193)
	at java.net.InetAddress.getAllByName(InetAddress.java:1127)
	at okhttp3.Dns$1.lookup(Dns.java:40)
	at okhttp3.internal.connection.RouteSelector.resetNextInetSocketAddress(RouteSelector.java:185)
	at okhttp3.internal.connection.RouteSelector.nextProxy(RouteSelector.java:149)
	at okhttp3.internal.connection.RouteSelector.next(RouteSelector.java:84)
	at okhttp3.internal.connection.StreamAllocation.findConnection(StreamAllocation.java:213)
	at okhttp3.internal.connection.StreamAllocation.findHealthyConnection(StreamAllocation.java:134)
	at okhttp3.internal.connection.StreamAllocation.newStream(StreamAllocation.java:113)
	at okhttp3.internal.connection.ConnectInterceptor.intercept(ConnectInterceptor.java:42)
	at okhttp3.internal.http.RealInterceptorChain.proceed(RealInterceptorChain.java:147)
	at okhttp3.internal.http.RealInterceptorChain.proceed(RealInterceptorChain.java:121)
	at okhttp3.internal.cache.CacheInterceptor.intercept(CacheInterceptor.java:93)
	at okhttp3.internal.http.RealInterceptorChain.proceed(RealInterceptorChain.java:147)
	at okhttp3.internal.http.RealInterceptorChain.proceed(RealInterceptorChain.java:121)
	at okhttp3.internal.http.BridgeInterceptor.intercept(BridgeInterceptor.java:93)
	at okhttp3.internal.http.RealInterceptorChain.proceed(RealInterceptorChain.java:147)
	at okhttp3.internal.http.RetryAndFollowUpInterceptor.intercept(RetryAndFollowUpInterceptor.java:125)
	at okhttp3.internal.http.RealInterceptorChain.proceed(RealInterceptorChain.java:147)
	at okhttp3.internal.http.RealInterceptorChain.proceed(RealInterceptorChain.java:121)
	at io.fabric8.kubernetes.client.utils.ImpersonatorInterceptor.intercept(ImpersonatorInterceptor.java:54)
	at okhttp3.internal.http.RealInterceptorChain.proceed(RealInterceptorChain.java:147)
	at okhttp3.internal.http.RealInterceptorChain.proceed(RealInterceptorChain.java:121)
	at io.fabric8.kubernetes.client.utils.HttpClientUtils$2.intercept(HttpClientUtils.java:95)
	at okhttp3.internal.http.RealInterceptorChain.proceed(RealInterceptorChain.java:147)
	at okhttp3.internal.http.RealInterceptorChain.proceed(RealInterceptorChain.java:121)
	at okhttp3.RealCall.getResponseWithInterceptorChain(RealCall.java:200)
	at okhttp3.RealCall.execute(RealCall.java:77)
	at io.fabric8.kubernetes.client.dsl.base.OperationSupport.handleResponse(OperationSupport.java:377)
	at io.fabric8.kubernetes.client.dsl.base.OperationSupport.handleResponse(OperationSupport.java:343)
	at io.fabric8.kubernetes.client.dsl.base.OperationSupport.handleResponse(OperationSupport.java:327)
	at io.fabric8.kubernetes.client.dsl.base.BaseOperation.list(BaseOperation.java:605)
Caused: io.fabric8.kubernetes.client.KubernetesClientException: Operation: [list]  for kind: [Secret]  with name: [null]  in namespace: [null]  failed.
	at io.fabric8.kubernetes.client.KubernetesClientException.launderThrowable(KubernetesClientException.java:62)
	at io.fabric8.kubernetes.client.KubernetesClientException.launderThrowable(KubernetesClientException.java:71)
	at io.fabric8.kubernetes.client.dsl.base.BaseOperation.list(BaseOperation.java:609)
	at io.fabric8.kubernetes.client.dsl.base.BaseOperation.list(BaseOperation.java:70)
	at com.cloudbees.jenkins.plugins.kubernetes_credentials_provider.KubernetesCredentialProvider.startWatchingForSecrets(KubernetesCredentialProvider.java:84)
	at sun.reflect.NativeMethodAccessorImpl.invoke0(Native Method)
	at sun.reflect.NativeMethodAccessorImpl.invoke(NativeMethodAccessorImpl.java:62)
	at sun.reflect.DelegatingMethodAccessorImpl.invoke(DelegatingMethodAccessorImpl.java:43)
	at java.lang.reflect.Method.invoke(Method.java:498)
	at hudson.init.TaskMethodFinder.invoke(TaskMethodFinder.java:104)
	at hudson.init.TaskMethodFinder$TaskImpl.run(TaskMethodFinder.java:175)
	at org.jvnet.hudson.reactor.Reactor.runTask(Reactor.java:296)
	at jenkins.model.Jenkins$5.runTask(Jenkins.java:1083)
	at org.jvnet.hudson.reactor.Reactor$2.run(Reactor.java:214)
	at org.jvnet.hudson.reactor.Reactor$Node.run(Reactor.java:117)
	at java.util.concurrent.ThreadPoolExecutor.runWorker(ThreadPoolExecutor.java:1149)
	at java.util.concurrent.ThreadPoolExecutor$Worker.run(ThreadPoolExecutor.java:624)
	at java.lang.Thread.run(Thread.java:748)
2020-03-24 06:50:31.284+0000 [id=27]	INFO	jenkins.InitReactorRunner$1#onAttained: Started all plugins
2020-03-24 06:50:41.622+0000 [id=27]	WARNING	i.f.kubernetes.client.Config#tryServiceAccount: Error reading service account token from: [/var/run/secrets/kubernetes.io/serviceaccount/token]. Ignoring.
2020-03-24 06:50:42.182+0000 [id=27]	INFO	h.ExtensionFinder$GuiceFinder$FaultTolerantScope$1#error: Failed to instantiate optional component org.jenkinsci.plugins.kubernetes.credentials.FileSystemServiceAccountCredential$DescriptorImpl; skipping
2020-03-24 06:50:43.136+0000 [id=25]	INFO	o.j.p.j.r.GlobalPluginConfiguration$1#doRun: Waiting for Jenkins to be started
2020-03-24 06:50:43.251+0000 [id=26]	INFO	jenkins.InitReactorRunner$1#onAttained: Augmented all extensions
2020-03-24 06:50:44.444+0000 [id=26]	INFO	jenkins.InitReactorRunner$1#onAttained: Loaded all jobs
2020-03-24 06:50:44.601+0000 [id=27]	INFO	j.util.groovy.GroovyHookScript#execute: Executing /var/jenkins_home/init.groovy.d/init-docker-registry-env.groovy
2020-03-24 06:50:47.491+0000 [id=26]	INFO	o.s.c.s.AbstractApplicationContext#prepareRefresh: Refreshing org.springframework.web.context.support.StaticWebApplicationContext@51b336cf: display name [Root WebApplicationContext]; startup date [Tue Mar 24 06:50:47 UTC 2020]; root of context hierarchy
2020-03-24 06:50:47.492+0000 [id=26]	INFO	o.s.c.s.AbstractApplicationContext#obtainFreshBeanFactory: Bean factory for application context [org.springframework.web.context.support.StaticWebApplicationContext@51b336cf]: org.springframework.beans.factory.support.DefaultListableBeanFactory@1f49add2
2020-03-24 06:50:47.578+0000 [id=26]	INFO	o.s.b.f.s.DefaultListableBeanFactory#preInstantiateSingletons: Pre-instantiating singletons in org.springframework.beans.factory.support.DefaultListableBeanFactory@1f49add2: defining beans [authenticationManager]; root of factory hierarchy
2020-03-24 06:50:47.787+0000 [id=27]	INFO	j.util.groovy.GroovyHookScript#execute: Executing /var/jenkins_home/init.groovy.d/tcp-slave-agent-port.groovy
2020-03-24 06:50:48.838+0000 [id=26]	INFO	o.s.c.s.AbstractApplicationContext#prepareRefresh: Refreshing org.springframework.web.context.support.StaticWebApplicationContext@5730d89a: display name [Root WebApplicationContext]; startup date [Tue Mar 24 06:50:48 UTC 2020]; root of context hierarchy
2020-03-24 06:50:48.838+0000 [id=26]	INFO	o.s.c.s.AbstractApplicationContext#obtainFreshBeanFactory: Bean factory for application context [org.springframework.web.context.support.StaticWebApplicationContext@5730d89a]: org.springframework.beans.factory.support.DefaultListableBeanFactory@49d1b569
2020-03-24 06:50:48.839+0000 [id=26]	INFO	o.s.b.f.s.DefaultListableBeanFactory#preInstantiateSingletons: Pre-instantiating singletons in org.springframework.beans.factory.support.DefaultListableBeanFactory@49d1b569: defining beans [filter,legacy]; root of factory hierarchy
2020-03-24 06:50:48.959+0000 [id=46]	INFO	hudson.model.AsyncPeriodicWork$1#run: Started Download metadata
2020-03-24 06:50:50.113+0000 [id=26]	INFO	jenkins.install.SetupWizard#init: 

*************************************************************
*************************************************************
*************************************************************

Jenkins initial setup is required. An admin user has been created and a password generated.
Please use the following password to proceed to installation:

483dc062d0ad49ce84c98e0a23a7ca25

This may also be found at: /var/jenkins_home/secrets/initialAdminPassword

*************************************************************
*************************************************************
*************************************************************

2020-03-24 06:52:01.897+0000 [id=26]	INFO	hudson.model.UpdateSite#updateData: Obtained the latest update center data file for UpdateSource default
2020-03-24 06:52:03.783+0000 [id=26]	INFO	jenkins.InitReactorRunner$1#onAttained: Completed initialization
2020-03-24 06:52:04.005+0000 [id=19]	INFO	hudson.WebAppMain$3#run: Jenkins is fully up and running
2020-03-24 06:52:19.911+0000 [id=46]	INFO	hudson.model.UpdateSite#updateData: Obtained the latest update center data file for UpdateSource default
2020-03-24 06:52:21.440+0000 [id=46]	INFO	h.m.DownloadService$Downloadable#load: Obtained the updated data file for hudson.tasks.Maven.MavenInstaller
2020-03-24 06:52:21.754+0000 [id=46]	INFO	h.m.DownloadService$Downloadable#load: Obtained the updated data file for hudson.tasks.Ant.AntInstaller
2020-03-24 06:52:22.794+0000 [id=46]	INFO	h.m.DownloadService$Downloadable#load: Obtained the updated data file for hudson.plugins.gradle.GradleInstaller
2020-03-24 06:52:22.800+0000 [id=46]	INFO	hudson.model.AsyncPeriodicWork$1#run: Finished Download metadata. 93,837 ms
2020-03-24 06:56:06.494+0000 [id=21]	INFO	winstone.Logger#logInternal: JVM is terminating. Shutting down Jetty
