2020-03-24 06:58:26.086+0000 [id=27]	INFO	jenkins.InitReactorRunner$1#onAttained: Prepared all plugins
2020-03-24 06:58:26.935+0000 [id=27]	WARNING	i.f.kubernetes.client.Config#tryServiceAccount: Error reading service account token from: [/var/run/secrets/kubernetes.io/serviceaccount/token]. Ignoring.
2020-03-24 06:58:32.508+0000 [id=27]	SEVERE	c.c.j.p.k.KubernetesCredentialProvider#startWatchingForSecrets: Failed to initialise k8s secret provider, secrets from Kubernetes will not be available
java.net.UnknownHostException: kubernetes.default.svc: Name or service not known
	at java.net.Inet4AddressImpl.lookupAllHostAddr(Native Method)
	at java.net.InetAddress$2.lookupAllHostAddr(InetAddress.java:929)
	at java.net.InetAddress.getAddressesFromNameService(InetAddress.java:1324)
	at java.net.InetAddress.getAllByName0(InetAddress.java:1277)
	at java.net.InetAddress.getAllByName(InetAddress.java:1193)
	at java.net.InetAddress.getAllByName(InetAddress.java:1127)
	at okhttp3.Dns$1.lookup(Dns.java:40)
	at okhttp3.internal.connection.RouteSelector.resetNextInetSocketAddress(RouteSelector.java:185)
	at okhttp3.internal.connection.RouteSelector.nextProxy(RouteSelector.java:149)
	at okhttp3.internal.connection.RouteSelector.next(RouteSelector.java:84)
	at okhttp3.internal.connection.StreamAllocation.findConnection(StreamAllocation.java:213)
	at okhttp3.internal.connection.StreamAllocation.findHealthyConnection(StreamAllocation.java:134)
	at okhttp3.internal.connection.StreamAllocation.newStream(StreamAllocation.java:113)
	at okhttp3.internal.connection.ConnectInterceptor.intercept(ConnectInterceptor.java:42)
	at okhttp3.internal.http.RealInterceptorChain.proceed(RealInterceptorChain.java:147)
	at okhttp3.internal.http.RealInterceptorChain.proceed(RealInterceptorChain.java:121)
	at okhttp3.internal.cache.CacheInterceptor.intercept(CacheInterceptor.java:93)
	at okhttp3.internal.http.RealInterceptorChain.proceed(RealInterceptorChain.java:147)
	at okhttp3.internal.http.RealInterceptorChain.proceed(RealInterceptorChain.java:121)
	at okhttp3.internal.http.BridgeInterceptor.intercept(BridgeInterceptor.java:93)
	at okhttp3.internal.http.RealInterceptorChain.proceed(RealInterceptorChain.java:147)
	at okhttp3.internal.http.RetryAndFollowUpInterceptor.intercept(RetryAndFollowUpInterceptor.java:125)
	at okhttp3.internal.http.RealInterceptorChain.proceed(RealInterceptorChain.java:147)
	at okhttp3.internal.http.RealInterceptorChain.proceed(RealInterceptorChain.java:121)
	at io.fabric8.kubernetes.client.utils.ImpersonatorInterceptor.intercept(ImpersonatorInterceptor.java:54)
	at okhttp3.internal.http.RealInterceptorChain.proceed(RealInterceptorChain.java:147)
	at okhttp3.internal.http.RealInterceptorChain.proceed(RealInterceptorChain.java:121)
	at io.fabric8.kubernetes.client.utils.HttpClientUtils$2.intercept(HttpClientUtils.java:95)
	at okhttp3.internal.http.RealInterceptorChain.proceed(RealInterceptorChain.java:147)
	at okhttp3.internal.http.RealInterceptorChain.proceed(RealInterceptorChain.java:121)
	at okhttp3.RealCall.getResponseWithInterceptorChain(RealCall.java:200)
	at okhttp3.RealCall.execute(RealCall.java:77)
	at io.fabric8.kubernetes.client.dsl.base.OperationSupport.handleResponse(OperationSupport.java:377)
	at io.fabric8.kubernetes.client.dsl.base.OperationSupport.handleResponse(OperationSupport.java:343)
	at io.fabric8.kubernetes.client.dsl.base.OperationSupport.handleResponse(OperationSupport.java:327)
	at io.fabric8.kubernetes.client.dsl.base.BaseOperation.list(BaseOperation.java:605)
Caused: io.fabric8.kubernetes.client.KubernetesClientException: Operation: [list]  for kind: [Secret]  with name: [null]  in namespace: [null]  failed.
	at io.fabric8.kubernetes.client.KubernetesClientException.launderThrowable(KubernetesClientException.java:62)
	at io.fabric8.kubernetes.client.KubernetesClientException.launderThrowable(KubernetesClientException.java:71)
	at io.fabric8.kubernetes.client.dsl.base.BaseOperation.list(BaseOperation.java:609)
	at io.fabric8.kubernetes.client.dsl.base.BaseOperation.list(BaseOperation.java:70)
	at com.cloudbees.jenkins.plugins.kubernetes_credentials_provider.KubernetesCredentialProvider.startWatchingForSecrets(KubernetesCredentialProvider.java:84)
	at sun.reflect.NativeMethodAccessorImpl.invoke0(Native Method)
	at sun.reflect.NativeMethodAccessorImpl.invoke(NativeMethodAccessorImpl.java:62)
	at sun.reflect.DelegatingMethodAccessorImpl.invoke(DelegatingMethodAccessorImpl.java:43)
	at java.lang.reflect.Method.invoke(Method.java:498)
	at hudson.init.TaskMethodFinder.invoke(TaskMethodFinder.java:104)
	at hudson.init.TaskMethodFinder$TaskImpl.run(TaskMethodFinder.java:175)
	at org.jvnet.hudson.reactor.Reactor.runTask(Reactor.java:296)
	at jenkins.model.Jenkins$5.runTask(Jenkins.java:1083)
	at org.jvnet.hudson.reactor.Reactor$2.run(Reactor.java:214)
	at org.jvnet.hudson.reactor.Reactor$Node.run(Reactor.java:117)
	at java.util.concurrent.ThreadPoolExecutor.runWorker(ThreadPoolExecutor.java:1149)
	at java.util.concurrent.ThreadPoolExecutor$Worker.run(ThreadPoolExecutor.java:624)
	at java.lang.Thread.run(Thread.java:748)
2020-03-24 06:58:32.561+0000 [id=27]	INFO	jenkins.InitReactorRunner$1#onAttained: Started all plugins
2020-03-24 06:58:39.505+0000 [id=27]	WARNING	i.f.kubernetes.client.Config#tryServiceAccount: Error reading service account token from: [/var/run/secrets/kubernetes.io/serviceaccount/token]. Ignoring.
2020-03-24 06:58:40.717+0000 [id=27]	INFO	h.ExtensionFinder$GuiceFinder$FaultTolerantScope$1#error: Failed to instantiate optional component org.jenkinsci.plugins.kubernetes.credentials.FileSystemServiceAccountCredential$DescriptorImpl; skipping
2020-03-24 06:58:41.051+0000 [id=36]	INFO	o.j.p.j.r.GlobalPluginConfiguration$1#doRun: Waiting for Jenkins to be started
2020-03-24 06:58:41.769+0000 [id=27]	INFO	jenkins.InitReactorRunner$1#onAttained: Augmented all extensions
2020-03-24 06:58:43.249+0000 [id=26]	INFO	jenkins.InitReactorRunner$1#onAttained: Loaded all jobs
2020-03-24 06:58:43.327+0000 [id=27]	INFO	j.util.groovy.GroovyHookScript#execute: Executing /var/jenkins_home/init.groovy.d/init-docker-registry-env.groovy
2020-03-24 06:58:45.569+0000 [id=26]	INFO	o.s.c.s.AbstractApplicationContext#prepareRefresh: Refreshing org.springframework.web.context.support.StaticWebApplicationContext@45e1c5c3: display name [Root WebApplicationContext]; startup date [Tue Mar 24 06:58:45 UTC 2020]; root of context hierarchy
2020-03-24 06:58:45.570+0000 [id=26]	INFO	o.s.c.s.AbstractApplicationContext#obtainFreshBeanFactory: Bean factory for application context [org.springframework.web.context.support.StaticWebApplicationContext@45e1c5c3]: org.springframework.beans.factory.support.DefaultListableBeanFactory@62cb135d
2020-03-24 06:58:45.655+0000 [id=26]	INFO	o.s.b.f.s.DefaultListableBeanFactory#preInstantiateSingletons: Pre-instantiating singletons in org.springframework.beans.factory.support.DefaultListableBeanFactory@62cb135d: defining beans [authenticationManager]; root of factory hierarchy
2020-03-24 06:58:46.195+0000 [id=27]	INFO	j.util.groovy.GroovyHookScript#execute: Executing /var/jenkins_home/init.groovy.d/tcp-slave-agent-port.groovy
2020-03-24 06:58:46.919+0000 [id=26]	INFO	o.s.c.s.AbstractApplicationContext#prepareRefresh: Refreshing org.springframework.web.context.support.StaticWebApplicationContext@219280d0: display name [Root WebApplicationContext]; startup date [Tue Mar 24 06:58:46 UTC 2020]; root of context hierarchy
2020-03-24 06:58:46.919+0000 [id=26]	INFO	o.s.c.s.AbstractApplicationContext#obtainFreshBeanFactory: Bean factory for application context [org.springframework.web.context.support.StaticWebApplicationContext@219280d0]: org.springframework.beans.factory.support.DefaultListableBeanFactory@2eb56ee7
2020-03-24 06:58:46.920+0000 [id=26]	INFO	o.s.b.f.s.DefaultListableBeanFactory#preInstantiateSingletons: Pre-instantiating singletons in org.springframework.beans.factory.support.DefaultListableBeanFactory@2eb56ee7: defining beans [filter,legacy]; root of factory hierarchy
2020-03-24 06:58:47.344+0000 [id=46]	INFO	hudson.model.AsyncPeriodicWork$1#run: Started Download metadata
2020-03-24 06:58:47.355+0000 [id=46]	INFO	hudson.model.AsyncPeriodicWork$1#run: Finished Download metadata. 2 ms
2020-03-24 06:58:47.467+0000 [id=26]	INFO	jenkins.InitReactorRunner$1#onAttained: Completed initialization
2020-03-24 06:58:47.654+0000 [id=19]	INFO	hudson.WebAppMain$3#run: Jenkins is fully up and running
2020-03-24 07:03:20.866+0000 [id=76]	INFO	hudson.model.UpdateSite$Plugin#deploy: Adding dependent install of credentials for plugin cloudbees-folder
2020-03-24 07:03:20.885+0000 [id=76]	INFO	hudson.model.UpdateSite$Plugin#deploy: Adding dependent install of structs for plugin credentials
2020-03-24 07:03:20.885+0000 [id=76]	INFO	hudson.model.UpdateSite$Plugin#deploy: Adding dependent install of jdk-tool for plugin structs
2020-03-24 07:03:20.902+0000 [id=76]	INFO	hudson.model.UpdateSite$Plugin#deploy: Adding dependent install of configuration-as-code for plugin credentials
2020-03-24 07:03:20.903+0000 [id=76]	INFO	hudson.model.UpdateSite$Plugin#deploy: Dependent install of jdk-tool for plugin configuration-as-code already added, skipping
2020-03-24 07:03:20.903+0000 [id=76]	INFO	hudson.model.UpdateSite$Plugin#deploy: Dependent install of jdk-tool for plugin build-timeout already added, skipping
2020-03-24 07:03:20.904+0000 [id=76]	INFO	hudson.model.UpdateSite$Plugin#deploy: Adding dependent install of workflow-step-api for plugin credentials-binding
2020-03-24 07:03:20.904+0000 [id=76]	INFO	hudson.model.UpdateSite$Plugin#deploy: Dependent install of structs for plugin workflow-step-api already added, skipping
2020-03-24 07:03:20.904+0000 [id=76]	INFO	hudson.model.UpdateSite$Plugin#deploy: Dependent install of credentials for plugin credentials-binding already added, skipping
2020-03-24 07:03:20.905+0000 [id=76]	INFO	hudson.model.UpdateSite$Plugin#deploy: Dependent install of structs for plugin credentials-binding already added, skipping
2020-03-24 07:03:20.905+0000 [id=76]	INFO	hudson.model.UpdateSite$Plugin#deploy: Adding dependent install of ssh-credentials for plugin credentials-binding
2020-03-24 07:03:20.905+0000 [id=76]	INFO	hudson.model.UpdateSite$Plugin#deploy: Dependent install of credentials for plugin ssh-credentials already added, skipping
2020-03-24 07:03:20.921+0000 [id=98]	INFO	h.model.UpdateCenter$DownloadJob#run: Starting the installation of Oracle Java SE Development Kit Installer on behalf of admin
2020-03-24 07:03:20.923+0000 [id=76]	INFO	hudson.model.UpdateSite$Plugin#deploy: Adding dependent install of workflow-api for plugin timestamper
2020-03-24 07:03:20.923+0000 [id=76]	INFO	hudson.model.UpdateSite$Plugin#deploy: Dependent install of workflow-step-api for plugin timestamper already added, skipping
2020-03-24 07:03:20.924+0000 [id=76]	INFO	hudson.model.UpdateSite$Plugin#deploy: Adding dependent install of script-security for plugin ws-cleanup
2020-03-24 07:03:20.924+0000 [id=76]	INFO	hudson.model.UpdateSite$Plugin#deploy: Dependent install of jdk-tool for plugin script-security already added, skipping
2020-03-24 07:03:20.924+0000 [id=76]	INFO	hudson.model.UpdateSite$Plugin#deploy: Dependent install of structs for plugin ws-cleanup already added, skipping
2020-03-24 07:03:20.925+0000 [id=76]	INFO	hudson.model.UpdateSite$Plugin#deploy: Dependent install of structs for plugin gradle already added, skipping
2020-03-24 07:03:20.925+0000 [id=76]	INFO	hudson.model.UpdateSite$Plugin#deploy: Adding dependent install of workflow-cps for plugin gradle
2020-03-24 07:03:20.925+0000 [id=76]	INFO	hudson.model.UpdateSite$Plugin#deploy: Dependent install of structs for plugin workflow-cps already added, skipping
2020-03-24 07:03:20.926+0000 [id=76]	INFO	hudson.model.UpdateSite$Plugin#deploy: Dependent install of script-security for plugin workflow-cps already added, skipping
2020-03-24 07:03:20.926+0000 [id=76]	INFO	hudson.model.UpdateSite$Plugin#deploy: Adding dependent install of workflow-support for plugin workflow-cps
2020-03-24 07:03:20.965+0000 [id=76]	INFO	hudson.model.UpdateSite$Plugin#deploy: Dependent install of workflow-step-api for plugin workflow-support already added, skipping
2020-03-24 07:03:20.966+0000 [id=76]	INFO	hudson.model.UpdateSite$Plugin#deploy: Dependent install of workflow-api for plugin workflow-support already added, skipping
2020-03-24 07:03:20.966+0000 [id=76]	INFO	hudson.model.UpdateSite$Plugin#deploy: Dependent install of workflow-step-api for plugin workflow-cps already added, skipping
2020-03-24 07:03:20.966+0000 [id=76]	INFO	hudson.model.UpdateSite$Plugin#deploy: Dependent install of workflow-api for plugin workflow-cps already added, skipping
2020-03-24 07:03:20.967+0000 [id=76]	INFO	hudson.model.UpdateSite$Plugin#deploy: Dependent install of workflow-step-api for plugin gradle already added, skipping
2020-03-24 07:03:20.967+0000 [id=76]	INFO	hudson.model.UpdateSite$Plugin#deploy: Dependent install of workflow-api for plugin gradle already added, skipping
2020-03-24 07:03:20.967+0000 [id=76]	INFO	hudson.model.UpdateSite$Plugin#deploy: Adding dependent install of workflow-job for plugin gradle
2020-03-24 07:03:20.967+0000 [id=76]	INFO	hudson.model.UpdateSite$Plugin#deploy: Dependent install of workflow-api for plugin workflow-job already added, skipping
2020-03-24 07:03:20.967+0000 [id=76]	INFO	hudson.model.UpdateSite$Plugin#deploy: Dependent install of workflow-support for plugin workflow-job already added, skipping
2020-03-24 07:03:20.968+0000 [id=76]	INFO	hudson.model.UpdateSite$Plugin#deploy: Dependent install of workflow-step-api for plugin workflow-job already added, skipping
2020-03-24 07:03:20.968+0000 [id=76]	INFO	hudson.model.UpdateSite$Plugin#deploy: Adding dependent install of workflow-basic-steps for plugin gradle
2020-03-24 07:03:20.969+0000 [id=76]	INFO	hudson.model.UpdateSite$Plugin#deploy: Dependent install of workflow-step-api for plugin workflow-basic-steps already added, skipping
2020-03-24 07:03:20.988+0000 [id=76]	INFO	hudson.model.UpdateSite$Plugin#deploy: Adding dependent install of workflow-durable-task-step for plugin workflow-basic-steps
2020-03-24 07:03:20.989+0000 [id=76]	INFO	hudson.model.UpdateSite$Plugin#deploy: Dependent install of structs for plugin workflow-durable-task-step already added, skipping
2020-03-24 07:03:20.989+0000 [id=76]	INFO	hudson.model.UpdateSite$Plugin#deploy: Dependent install of script-security for plugin workflow-durable-task-step already added, skipping
2020-03-24 07:03:20.989+0000 [id=76]	INFO	hudson.model.UpdateSite$Plugin#deploy: Dependent install of workflow-support for plugin workflow-durable-task-step already added, skipping
2020-03-24 07:03:20.989+0000 [id=76]	INFO	hudson.model.UpdateSite$Plugin#deploy: Dependent install of workflow-step-api for plugin workflow-durable-task-step already added, skipping
2020-03-24 07:03:20.989+0000 [id=76]	INFO	hudson.model.UpdateSite$Plugin#deploy: Adding dependent install of durable-task for plugin workflow-durable-task-step
2020-03-24 07:03:20.990+0000 [id=76]	INFO	hudson.model.UpdateSite$Plugin#deploy: Dependent install of workflow-api for plugin workflow-basic-steps already added, skipping
2020-03-24 07:03:20.990+0000 [id=76]	INFO	hudson.model.UpdateSite$Plugin#deploy: Dependent install of structs for plugin workflow-basic-steps already added, skipping
2020-03-24 07:03:20.991+0000 [id=76]	INFO	hudson.model.UpdateSite$Plugin#deploy: Adding dependent install of github-api for plugin github-branch-source
2020-03-24 07:03:21.021+0000 [id=76]	INFO	hudson.model.UpdateSite$Plugin#deploy: Adding dependent install of jackson2-api for plugin github-api
2020-03-24 07:03:21.022+0000 [id=76]	INFO	hudson.model.UpdateSite$Plugin#deploy: Dependent install of jackson2-api for plugin github-branch-source already added, skipping
2020-03-24 07:03:21.023+0000 [id=76]	INFO	hudson.model.UpdateSite$Plugin#deploy: Adding dependent install of git for plugin github-branch-source
2020-03-24 07:03:21.101+0000 [id=76]	INFO	hudson.model.UpdateSite$Plugin#deploy: Adding dependent install of workflow-scm-step for plugin git
2020-03-24 07:03:21.102+0000 [id=76]	INFO	hudson.model.UpdateSite$Plugin#deploy: Dependent install of jdk-tool for plugin workflow-scm-step already added, skipping
2020-03-24 07:03:21.102+0000 [id=76]	INFO	hudson.model.UpdateSite$Plugin#deploy: Dependent install of credentials for plugin git already added, skipping
2020-03-24 07:03:21.102+0000 [id=76]	INFO	hudson.model.UpdateSite$Plugin#deploy: Dependent install of structs for plugin git already added, skipping
2020-03-24 07:03:21.103+0000 [id=76]	INFO	hudson.model.UpdateSite$Plugin#deploy: Adding dependent install of git-client for plugin git
2020-03-24 07:03:21.103+0000 [id=76]	INFO	hudson.model.UpdateSite$Plugin#deploy: Dependent install of script-security for plugin git-client already added, skipping
2020-03-24 07:03:21.103+0000 [id=76]	INFO	hudson.model.UpdateSite$Plugin#deploy: Adding dependent install of apache-httpcomponents-client-4-api for plugin git-client
2020-03-24 07:03:21.103+0000 [id=76]	INFO	hudson.model.UpdateSite$Plugin#deploy: Dependent install of jdk-tool for plugin apache-httpcomponents-client-4-api already added, skipping
2020-03-24 07:03:21.103+0000 [id=76]	INFO	hudson.model.UpdateSite$Plugin#deploy: Dependent install of credentials for plugin git-client already added, skipping
2020-03-24 07:03:21.104+0000 [id=76]	INFO	hudson.model.UpdateSite$Plugin#deploy: Dependent install of structs for plugin git-client already added, skipping
2020-03-24 07:03:21.104+0000 [id=76]	INFO	hudson.model.UpdateSite$Plugin#deploy: Adding dependent install of jsch for plugin git-client
2020-03-24 07:03:21.116+0000 [id=76]	INFO	hudson.model.UpdateSite$Plugin#deploy: Dependent install of jdk-tool for plugin jsch already added, skipping
2020-03-24 07:03:21.116+0000 [id=76]	INFO	hudson.model.UpdateSite$Plugin#deploy: Dependent install of ssh-credentials for plugin git-client already added, skipping
2020-03-24 07:03:21.116+0000 [id=76]	INFO	hudson.model.UpdateSite$Plugin#deploy: Dependent install of configuration-as-code for plugin git-client already added, skipping
2020-03-24 07:03:21.116+0000 [id=76]	INFO	hudson.model.UpdateSite$Plugin#deploy: Dependent install of ssh-credentials for plugin git already added, skipping
2020-03-24 07:03:21.117+0000 [id=76]	INFO	hudson.model.UpdateSite$Plugin#deploy: Adding dependent install of scm-api for plugin git
2020-03-24 07:03:21.117+0000 [id=76]	INFO	hudson.model.UpdateSite$Plugin#deploy: Dependent install of jdk-tool for plugin scm-api already added, skipping
2020-03-24 07:03:21.117+0000 [id=76]	INFO	hudson.model.UpdateSite$Plugin#deploy: Dependent install of script-security for plugin git already added, skipping
2020-03-24 07:03:21.117+0000 [id=76]	INFO	hudson.model.UpdateSite$Plugin#deploy: Dependent install of workflow-step-api for plugin git already added, skipping
2020-03-24 07:03:21.117+0000 [id=76]	INFO	hudson.model.UpdateSite$Plugin#deploy: Dependent install of configuration-as-code for plugin git already added, skipping
2020-03-24 07:03:21.118+0000 [id=76]	INFO	hudson.model.UpdateSite$Plugin#deploy: Adding dependent install of matrix-project for plugin git
2020-03-24 07:03:21.118+0000 [id=76]	INFO	hudson.model.UpdateSite$Plugin#deploy: Dependent install of script-security for plugin matrix-project already added, skipping
2020-03-24 07:03:21.118+0000 [id=76]	INFO	hudson.model.UpdateSite$Plugin#deploy: Dependent install of jdk-tool for plugin matrix-project already added, skipping
2020-03-24 07:03:21.118+0000 [id=76]	INFO	hudson.model.UpdateSite$Plugin#deploy: Adding dependent install of token-macro for plugin git
2020-03-24 07:03:21.118+0000 [id=76]	INFO	hudson.model.UpdateSite$Plugin#deploy: Dependent install of structs for plugin github-branch-source already added, skipping
2020-03-24 07:03:21.119+0000 [id=76]	INFO	hudson.model.UpdateSite$Plugin#deploy: Dependent install of scm-api for plugin github-branch-source already added, skipping
2020-03-24 07:03:21.119+0000 [id=76]	INFO	hudson.model.UpdateSite$Plugin#deploy: Dependent install of workflow-step-api for plugin github-branch-source already added, skipping
2020-03-24 07:03:21.119+0000 [id=76]	INFO	hudson.model.UpdateSite$Plugin#deploy: Dependent install of jdk-tool for plugin pipeline-github-lib already added, skipping
2020-03-24 07:03:21.139+0000 [id=76]	INFO	hudson.model.UpdateSite$Plugin#deploy: Adding dependent install of pipeline-rest-api for plugin pipeline-stage-view
2020-03-24 07:03:21.139+0000 [id=76]	INFO	hudson.model.UpdateSite$Plugin#deploy: Dependent install of jackson2-api for plugin pipeline-rest-api already added, skipping
2020-03-24 07:03:21.139+0000 [id=76]	INFO	hudson.model.UpdateSite$Plugin#deploy: Dependent install of jdk-tool for plugin pipeline-rest-api already added, skipping
2020-03-24 07:03:21.140+0000 [id=76]	INFO	hudson.model.UpdateSite$Plugin#deploy: Dependent install of jdk-tool for plugin pipeline-stage-view already added, skipping
2020-03-24 07:03:21.140+0000 [id=76]	INFO	hudson.model.UpdateSite$Plugin#deploy: Dependent install of workflow-scm-step for plugin git already added, skipping
2020-03-24 07:03:21.140+0000 [id=76]	INFO	hudson.model.UpdateSite$Plugin#deploy: Dependent install of credentials for plugin git already added, skipping
2020-03-24 07:03:21.140+0000 [id=76]	INFO	hudson.model.UpdateSite$Plugin#deploy: Dependent install of structs for plugin git already added, skipping
2020-03-24 07:03:21.140+0000 [id=76]	INFO	hudson.model.UpdateSite$Plugin#deploy: Dependent install of git-client for plugin git already added, skipping
2020-03-24 07:03:21.141+0000 [id=76]	INFO	hudson.model.UpdateSite$Plugin#deploy: Dependent install of ssh-credentials for plugin git already added, skipping
2020-03-24 07:03:21.141+0000 [id=76]	INFO	hudson.model.UpdateSite$Plugin#deploy: Dependent install of scm-api for plugin git already added, skipping
2020-03-24 07:03:21.151+0000 [id=76]	INFO	hudson.model.UpdateSite$Plugin#deploy: Dependent install of script-security for plugin git already added, skipping
2020-03-24 07:03:21.151+0000 [id=76]	INFO	hudson.model.UpdateSite$Plugin#deploy: Dependent install of workflow-step-api for plugin git already added, skipping
2020-03-24 07:03:21.152+0000 [id=76]	INFO	hudson.model.UpdateSite$Plugin#deploy: Dependent install of configuration-as-code for plugin git already added, skipping
2020-03-24 07:03:21.152+0000 [id=76]	INFO	hudson.model.UpdateSite$Plugin#deploy: Dependent install of matrix-project for plugin git already added, skipping
2020-03-24 07:03:21.152+0000 [id=76]	INFO	hudson.model.UpdateSite$Plugin#deploy: Dependent install of token-macro for plugin git already added, skipping
2020-03-24 07:03:21.152+0000 [id=76]	INFO	hudson.model.UpdateSite$Plugin#deploy: Dependent install of jdk-tool for plugin subversion already added, skipping
2020-03-24 07:03:21.152+0000 [id=76]	INFO	hudson.model.UpdateSite$Plugin#deploy: Dependent install of scm-api for plugin subversion already added, skipping
2020-03-24 07:03:21.153+0000 [id=76]	INFO	hudson.model.UpdateSite$Plugin#deploy: Adding dependent install of mapdb-api for plugin subversion
2020-03-24 07:03:21.153+0000 [id=76]	INFO	hudson.model.UpdateSite$Plugin#deploy: Dependent install of jdk-tool for plugin mapdb-api already added, skipping
2020-03-24 07:03:21.153+0000 [id=76]	INFO	hudson.model.UpdateSite$Plugin#deploy: Dependent install of credentials for plugin ssh-slaves already added, skipping
2020-03-24 07:03:21.153+0000 [id=76]	INFO	hudson.model.UpdateSite$Plugin#deploy: Dependent install of ssh-credentials for plugin ssh-slaves already added, skipping
2020-03-24 07:03:21.154+0000 [id=76]	INFO	hudson.model.UpdateSite$Plugin#deploy: Dependent install of configuration-as-code for plugin matrix-auth already added, skipping
2020-03-24 07:03:21.154+0000 [id=76]	INFO	hudson.model.UpdateSite$Plugin#deploy: Dependent install of jdk-tool for plugin ldap already added, skipping
2020-03-24 07:03:21.154+0000 [id=76]	INFO	hudson.model.UpdateSite$Plugin#deploy: Dependent install of script-security for plugin email-ext already added, skipping
2020-03-24 07:03:21.154+0000 [id=76]	INFO	hudson.model.UpdateSite$Plugin#deploy: Dependent install of workflow-step-api for plugin email-ext already added, skipping
2020-03-24 07:03:21.155+0000 [id=76]	INFO	hudson.model.UpdateSite$Plugin#deploy: Adding dependent install of display-url-api for plugin mailer
2020-03-24 07:03:21.173+0000 [id=76]	INFO	hudson.model.UpdateSite$Plugin#deploy: Dependent install of jdk-tool for plugin display-url-api already added, skipping
2020-03-24 07:03:22.409+0000 [id=98]	INFO	h.m.UpdateCenter$UpdateCenterConfiguration#download: Downloading Oracle Java SE Development Kit Installer
2020-03-24 07:03:22.766+0000 [id=98]	INFO	hudson.PluginManager#dynamicLoad: Attempting to dynamic load /var/jenkins_home/plugins/jdk-tool.jpi
2020-03-24 07:03:32.208+0000 [id=98]	INFO	h.m.DownloadService$Downloadable#load: Obtained the updated data file for hudson.tools.JDKInstaller
2020-03-24 07:03:32.258+0000 [id=108]	INFO	jenkins.InitReactorRunner$1#onAttained: Started initialization
2020-03-24 07:03:32.267+0000 [id=109]	INFO	jenkins.InitReactorRunner$1#onAttained: Listed all plugins
2020-03-24 07:03:32.267+0000 [id=109]	INFO	jenkins.InitReactorRunner$1#onAttained: Prepared all plugins
2020-03-24 07:03:32.267+0000 [id=109]	INFO	jenkins.InitReactorRunner$1#onAttained: Started all plugins
2020-03-24 07:03:32.267+0000 [id=109]	INFO	jenkins.InitReactorRunner$1#onAttained: Augmented all extensions
2020-03-24 07:03:32.268+0000 [id=109]	INFO	jenkins.InitReactorRunner$1#onAttained: Loaded all jobs
2020-03-24 07:03:32.268+0000 [id=109]	INFO	jenkins.InitReactorRunner$1#onAttained: Completed initialization
2020-03-24 07:03:32.268+0000 [id=98]	INFO	hudson.ClassicPluginStrategy#updateDependency: Updated dependency of ace-editor
2020-03-24 07:03:32.268+0000 [id=98]	INFO	hudson.ClassicPluginStrategy#updateDependency: Updated dependency of apache-httpcomponents-client-4-api
2020-03-24 07:03:32.268+0000 [id=98]	INFO	hudson.ClassicPluginStrategy#updateDependency: Updated dependency of artifactory
2020-03-24 07:03:32.268+0000 [id=98]	INFO	hudson.ClassicPluginStrategy#updateDependency: Updated dependency of authentication-tokens
2020-03-24 07:03:32.269+0000 [id=98]	INFO	hudson.ClassicPluginStrategy#updateDependency: Updated dependency of blueocean-autofavorite
2020-03-24 07:03:32.269+0000 [id=98]	INFO	hudson.ClassicPluginStrategy#updateDependency: Updated dependency of blueocean-display-url
2020-03-24 07:03:32.269+0000 [id=98]	INFO	hudson.ClassicPluginStrategy#updateDependency: Updated dependency of bouncycastle-api
2020-03-24 07:03:32.269+0000 [id=98]	INFO	hudson.ClassicPluginStrategy#updateDependency: Updated dependency of branch-api
2020-03-24 07:03:32.269+0000 [id=98]	INFO	hudson.ClassicPluginStrategy#updateDependency: Updated dependency of cloudbees-bitbucket-branch-source
2020-03-24 07:03:32.269+0000 [id=98]	INFO	hudson.ClassicPluginStrategy#updateDependency: Updated dependency of command-launcher
2020-03-24 07:03:32.269+0000 [id=98]	INFO	hudson.ClassicPluginStrategy#updateDependency: Updated dependency of config-file-provider
2020-03-24 07:03:32.269+0000 [id=98]	INFO	hudson.ClassicPluginStrategy#updateDependency: Updated dependency of configuration-as-code
2020-03-24 07:03:32.270+0000 [id=98]	INFO	hudson.ClassicPluginStrategy#updateDependency: Updated dependency of credentials-binding
2020-03-24 07:03:32.270+0000 [id=98]	INFO	hudson.ClassicPluginStrategy#updateDependency: Updated dependency of credentials
2020-03-24 07:03:32.270+0000 [id=98]	INFO	hudson.ClassicPluginStrategy#updateDependency: Updated dependency of display-url-api
2020-03-24 07:03:32.270+0000 [id=98]	INFO	hudson.ClassicPluginStrategy#updateDependency: Updated dependency of docker-commons
2020-03-24 07:03:32.270+0000 [id=98]	INFO	hudson.ClassicPluginStrategy#updateDependency: Updated dependency of docker-workflow
2020-03-24 07:03:32.270+0000 [id=98]	INFO	hudson.ClassicPluginStrategy#updateDependency: Updated dependency of durable-task
2020-03-24 07:03:32.270+0000 [id=98]	INFO	hudson.ClassicPluginStrategy#updateDependency: Updated dependency of favorite
2020-03-24 07:03:32.270+0000 [id=98]	INFO	hudson.ClassicPluginStrategy#updateDependency: Updated dependency of git-client
2020-03-24 07:03:32.271+0000 [id=98]	INFO	hudson.ClassicPluginStrategy#updateDependency: Updated dependency of git-server
2020-03-24 07:03:32.271+0000 [id=98]	INFO	hudson.ClassicPluginStrategy#updateDependency: Updated dependency of git
2020-03-24 07:03:32.271+0000 [id=98]	INFO	hudson.ClassicPluginStrategy#updateDependency: Updated dependency of gitea
2020-03-24 07:03:32.271+0000 [id=98]	INFO	hudson.ClassicPluginStrategy#updateDependency: Updated dependency of github-api
2020-03-24 07:03:32.271+0000 [id=98]	INFO	hudson.ClassicPluginStrategy#updateDependency: Updated dependency of github-branch-source
2020-03-24 07:03:32.271+0000 [id=98]	INFO	hudson.ClassicPluginStrategy#updateDependency: Updated dependency of github
2020-03-24 07:03:32.271+0000 [id=98]	INFO	hudson.ClassicPluginStrategy#updateDependency: Updated dependency of gitlab-plugin
2020-03-24 07:03:32.272+0000 [id=98]	INFO	hudson.ClassicPluginStrategy#updateDependency: Updated dependency of gradle
2020-03-24 07:03:32.272+0000 [id=98]	INFO	hudson.ClassicPluginStrategy#updateDependency: Updated dependency of handlebars
2020-03-24 07:03:32.272+0000 [id=98]	INFO	hudson.ClassicPluginStrategy#updateDependency: Updated dependency of handy-uri-templates-2-api
2020-03-24 07:03:32.272+0000 [id=98]	INFO	hudson.ClassicPluginStrategy#updateDependency: Updated dependency of htmlpublisher
2020-03-24 07:03:32.272+0000 [id=98]	INFO	hudson.ClassicPluginStrategy#updateDependency: Updated dependency of ivy
2020-03-24 07:03:32.287+0000 [id=98]	INFO	hudson.ClassicPluginStrategy#updateDependency: Updated dependency of jackson2-api
2020-03-24 07:03:32.288+0000 [id=98]	INFO	hudson.ClassicPluginStrategy#updateDependency: Updated dependency of javadoc
2020-03-24 07:03:32.288+0000 [id=98]	INFO	hudson.ClassicPluginStrategy#updateDependency: Updated dependency of jira
2020-03-24 07:03:32.288+0000 [id=98]	INFO	hudson.ClassicPluginStrategy#updateDependency: Updated dependency of jquery-detached
2020-03-24 07:03:32.288+0000 [id=98]	INFO	hudson.ClassicPluginStrategy#updateDependency: Updated dependency of jsch
2020-03-24 07:03:32.288+0000 [id=98]	INFO	hudson.ClassicPluginStrategy#updateDependency: Updated dependency of junit
2020-03-24 07:03:32.288+0000 [id=98]	INFO	hudson.ClassicPluginStrategy#updateDependency: Updated dependency of jx-resources
2020-03-24 07:03:32.288+0000 [id=98]	INFO	hudson.ClassicPluginStrategy#updateDependency: Updated dependency of kubernetes-credentials-provider
2020-03-24 07:03:32.289+0000 [id=98]	INFO	hudson.ClassicPluginStrategy#updateDependency: Updated dependency of kubernetes-credentials
2020-03-24 07:03:32.289+0000 [id=98]	INFO	hudson.ClassicPluginStrategy#updateDependency: Updated dependency of localization-zh-cn
2020-03-24 07:03:32.289+0000 [id=98]	INFO	hudson.ClassicPluginStrategy#updateDependency: Updated dependency of lockable-resources
2020-03-24 07:03:32.289+0000 [id=98]	INFO	hudson.ClassicPluginStrategy#updateDependency: Updated dependency of mailer
2020-03-24 07:03:32.289+0000 [id=98]	INFO	hudson.ClassicPluginStrategy#updateDependency: Updated dependency of matrix-project
2020-03-24 07:03:32.289+0000 [id=98]	INFO	hudson.ClassicPluginStrategy#updateDependency: Updated dependency of maven-plugin
2020-03-24 07:03:32.289+0000 [id=98]	INFO	hudson.ClassicPluginStrategy#updateDependency: Updated dependency of mercurial
2020-03-24 07:03:32.290+0000 [id=98]	INFO	hudson.ClassicPluginStrategy#updateDependency: Updated dependency of metrics
2020-03-24 07:03:32.290+0000 [id=98]	INFO	hudson.ClassicPluginStrategy#updateDependency: Updated dependency of momentjs
2020-03-24 07:03:32.290+0000 [id=98]	INFO	hudson.ClassicPluginStrategy#updateDependency: Updated dependency of pipeline-build-step
2020-03-24 07:03:32.290+0000 [id=98]	INFO	hudson.ClassicPluginStrategy#updateDependency: Updated dependency of pipeline-graph-analysis
2020-03-24 07:03:32.290+0000 [id=98]	INFO	hudson.ClassicPluginStrategy#updateDependency: Updated dependency of pipeline-input-step
2020-03-24 07:03:32.290+0000 [id=98]	INFO	hudson.ClassicPluginStrategy#updateDependency: Updated dependency of pipeline-milestone-step
2020-03-24 07:03:32.290+0000 [id=98]	INFO	hudson.ClassicPluginStrategy#updateDependency: Updated dependency of pipeline-model-declarative-agent
2020-03-24 07:03:32.290+0000 [id=98]	INFO	hudson.ClassicPluginStrategy#updateDependency: Updated dependency of pipeline-rest-api
2020-03-24 07:03:32.325+0000 [id=98]	INFO	hudson.ClassicPluginStrategy#updateDependency: Updated dependency of pipeline-stage-step
2020-03-24 07:03:32.325+0000 [id=98]	INFO	hudson.ClassicPluginStrategy#updateDependency: Updated dependency of pipeline-stage-view
2020-03-24 07:03:32.325+0000 [id=98]	INFO	hudson.ClassicPluginStrategy#updateDependency: Updated dependency of plain-credentials
2020-03-24 07:03:32.325+0000 [id=98]	INFO	hudson.ClassicPluginStrategy#updateDependency: Updated dependency of pubsub-light
2020-03-24 07:03:32.325+0000 [id=98]	INFO	hudson.ClassicPluginStrategy#updateDependency: Updated dependency of resource-disposer
2020-03-24 07:03:32.325+0000 [id=98]	INFO	hudson.ClassicPluginStrategy#updateDependency: Updated dependency of scm-api
2020-03-24 07:03:32.326+0000 [id=98]	INFO	hudson.ClassicPluginStrategy#updateDependency: Updated dependency of script-security
2020-03-24 07:03:32.326+0000 [id=98]	INFO	hudson.ClassicPluginStrategy#updateDependency: Updated dependency of sse-gateway
2020-03-24 07:03:32.331+0000 [id=98]	INFO	hudson.ClassicPluginStrategy#updateDependency: Updated dependency of ssh-credentials
2020-03-24 07:03:32.331+0000 [id=98]	INFO	hudson.ClassicPluginStrategy#updateDependency: Updated dependency of structs
2020-03-24 07:03:32.332+0000 [id=98]	INFO	hudson.ClassicPluginStrategy#updateDependency: Updated dependency of support-core
2020-03-24 07:03:32.332+0000 [id=98]	INFO	hudson.ClassicPluginStrategy#updateDependency: Updated dependency of token-macro
2020-03-24 07:03:32.332+0000 [id=98]	INFO	hudson.ClassicPluginStrategy#updateDependency: Updated dependency of variant
2020-03-24 07:03:32.332+0000 [id=98]	INFO	hudson.ClassicPluginStrategy#updateDependency: Updated dependency of workflow-cps-global-lib
2020-03-24 07:03:32.333+0000 [id=98]	INFO	hudson.ClassicPluginStrategy#updateDependency: Updated dependency of workflow-multibranch
2020-03-24 07:03:32.333+0000 [id=98]	INFO	hudson.ClassicPluginStrategy#updateDependency: Updated dependency of workflow-scm-step
2020-03-24 07:03:32.335+0000 [id=98]	INFO	hudson.ClassicPluginStrategy#updateDependency: Updated dependency of workflow-step-api
2020-03-24 07:03:32.336+0000 [id=98]	INFO	hudson.ClassicPluginStrategy#updateDependency: Updated dependency of ws-cleanup
2020-03-24 07:03:33.365+0000 [id=98]	INFO	hudson.PluginManager#dynamicLoad: Plugin jdk-tool:1.4 dynamically installed
2020-03-24 07:03:33.365+0000 [id=98]	INFO	h.model.UpdateCenter$DownloadJob#run: Installation successful: Oracle Java SE Development Kit Installer
2020-03-24 07:03:33.365+0000 [id=98]	INFO	h.model.UpdateCenter$DownloadJob#run: Starting the installation of Structs on behalf of admin
2020-03-24 07:03:34.683+0000 [id=98]	INFO	h.m.UpdateCenter$UpdateCenterConfiguration#download: Downloading Structs
2020-03-24 07:03:35.353+0000 [id=98]	INFO	hudson.PluginManager#dynamicLoad: Attempting to dynamic load /var/jenkins_home/plugins/structs.jpi
2020-03-24 07:03:35.353+0000 [id=98]	INFO	h.model.UpdateCenter$DownloadJob#run: Starting the installation of Configuration as Code on behalf of admin
2020-03-24 07:03:36.931+0000 [id=98]	INFO	h.m.UpdateCenter$UpdateCenterConfiguration#download: Downloading Configuration as Code
2020-03-24 07:03:47.314+0000 [id=98]	INFO	hudson.PluginManager#dynamicLoad: Attempting to dynamic load /var/jenkins_home/plugins/configuration-as-code.jpi
2020-03-24 07:03:47.315+0000 [id=98]	INFO	h.model.UpdateCenter$DownloadJob#run: Starting the installation of Credentials on behalf of admin
2020-03-24 07:03:48.389+0000 [id=98]	INFO	h.m.UpdateCenter$UpdateCenterConfiguration#download: Downloading Credentials
2020-03-24 07:03:49.301+0000 [id=98]	INFO	hudson.PluginManager#dynamicLoad: Attempting to dynamic load /var/jenkins_home/plugins/credentials.jpi
2020-03-24 07:03:49.302+0000 [id=98]	INFO	h.model.UpdateCenter$DownloadJob#run: Starting the installation of Folders on behalf of admin
2020-03-24 07:03:50.351+0000 [id=98]	INFO	h.m.UpdateCenter$UpdateCenterConfiguration#download: Downloading Folders
2020-03-24 07:03:51.351+0000 [id=98]	INFO	hudson.PluginManager#dynamicLoad: Attempting to dynamic load /var/jenkins_home/plugins/cloudbees-folder.jpi
2020-03-24 07:03:51.352+0000 [id=98]	INFO	h.model.UpdateCenter$DownloadJob#run: Starting the installation of OWASP Markup Formatter on behalf of admin
2020-03-24 07:03:52.688+0000 [id=98]	INFO	h.m.UpdateCenter$UpdateCenterConfiguration#download: Downloading OWASP Markup Formatter
2020-03-24 07:04:03.319+0000 [id=98]	INFO	hudson.PluginManager#dynamicLoad: Attempting to dynamic load /var/jenkins_home/plugins/antisamy-markup-formatter.jpi
2020-03-24 07:04:04.320+0000 [id=114]	INFO	jenkins.InitReactorRunner$1#onAttained: Started initialization
2020-03-24 07:04:04.328+0000 [id=115]	INFO	jenkins.InitReactorRunner$1#onAttained: Listed all plugins
2020-03-24 07:04:04.328+0000 [id=115]	INFO	jenkins.InitReactorRunner$1#onAttained: Prepared all plugins
2020-03-24 07:04:04.328+0000 [id=115]	INFO	jenkins.InitReactorRunner$1#onAttained: Started all plugins
2020-03-24 07:04:04.329+0000 [id=115]	INFO	jenkins.InitReactorRunner$1#onAttained: Augmented all extensions
2020-03-24 07:04:04.329+0000 [id=115]	INFO	jenkins.InitReactorRunner$1#onAttained: Loaded all jobs
2020-03-24 07:04:04.329+0000 [id=115]	INFO	jenkins.InitReactorRunner$1#onAttained: Completed initialization
2020-03-24 07:04:05.052+0000 [id=98]	INFO	hudson.PluginManager#dynamicLoad: Plugin antisamy-markup-formatter:2.0 dynamically installed
2020-03-24 07:04:05.052+0000 [id=98]	INFO	h.model.UpdateCenter$DownloadJob#run: Installation successful: OWASP Markup Formatter
2020-03-24 07:04:05.052+0000 [id=98]	INFO	h.model.UpdateCenter$DownloadJob#run: Starting the installation of Build Timeout on behalf of admin
2020-03-24 07:04:06.261+0000 [id=98]	INFO	h.m.UpdateCenter$UpdateCenterConfiguration#download: Downloading Build Timeout
2020-03-24 07:04:06.789+0000 [id=98]	INFO	hudson.PluginManager#dynamicLoad: Attempting to dynamic load /var/jenkins_home/plugins/build-timeout.jpi
2020-03-24 07:04:08.024+0000 [id=98]	INFO	h.ExtensionFinder$GuiceFinder$FaultTolerantScope$1#error: Failed to instantiate optional component hudson.plugins.build_timeout.operations.AbortAndRestartOperation$DescriptorImpl; skipping
2020-03-24 07:04:08.125+0000 [id=98]	INFO	h.ExtensionFinder$GuiceFinder$FaultTolerantScope$1#error: Failed to instantiate optional component hudson.plugins.build_timeout.operations.AbortAndRestartOperation$DescriptorImpl; skipping
2020-03-24 07:04:08.126+0000 [id=98]	INFO	h.ExtensionFinder$GuiceFinder$FaultTolerantScope$1#error: Failed to instantiate optional component hudson.plugins.build_timeout.operations.AbortAndRestartOperation$DescriptorImpl; skipping
2020-03-24 07:04:08.127+0000 [id=98]	INFO	h.ExtensionFinder$GuiceFinder$FaultTolerantScope$1#error: Failed to instantiate optional component hudson.plugins.build_timeout.operations.AbortAndRestartOperation$DescriptorImpl; skipping
2020-03-24 07:04:08.133+0000 [id=98]	INFO	h.ExtensionFinder$GuiceFinder$FaultTolerantScope$1#error: Failed to instantiate optional component hudson.plugins.build_timeout.operations.AbortAndRestartOperation$DescriptorImpl; skipping
2020-03-24 07:04:08.134+0000 [id=98]	INFO	h.ExtensionFinder$GuiceFinder$FaultTolerantScope$1#error: Failed to instantiate optional component hudson.plugins.build_timeout.operations.AbortAndRestartOperation$DescriptorImpl; skipping
2020-03-24 07:04:08.135+0000 [id=98]	INFO	h.ExtensionFinder$GuiceFinder$FaultTolerantScope$1#error: Failed to instantiate optional component hudson.plugins.build_timeout.operations.AbortAndRestartOperation$DescriptorImpl; skipping
2020-03-24 07:04:08.136+0000 [id=98]	INFO	h.ExtensionFinder$GuiceFinder$FaultTolerantScope$1#error: Failed to instantiate optional component hudson.plugins.build_timeout.operations.AbortAndRestartOperation$DescriptorImpl; skipping
2020-03-24 07:04:08.163+0000 [id=98]	INFO	h.ExtensionFinder$GuiceFinder$FaultTolerantScope$1#error: Failed to instantiate optional component hudson.plugins.build_timeout.operations.AbortAndRestartOperation$DescriptorImpl; skipping
2020-03-24 07:04:08.174+0000 [id=116]	INFO	jenkins.InitReactorRunner$1#onAttained: Started initialization
2020-03-24 07:04:08.185+0000 [id=117]	INFO	jenkins.InitReactorRunner$1#onAttained: Listed all plugins
2020-03-24 07:04:08.185+0000 [id=117]	INFO	jenkins.InitReactorRunner$1#onAttained: Prepared all plugins
2020-03-24 07:04:08.185+0000 [id=117]	INFO	jenkins.InitReactorRunner$1#onAttained: Started all plugins
2020-03-24 07:04:08.185+0000 [id=117]	INFO	jenkins.InitReactorRunner$1#onAttained: Augmented all extensions
2020-03-24 07:04:08.186+0000 [id=117]	INFO	jenkins.InitReactorRunner$1#onAttained: Loaded all jobs
2020-03-24 07:04:08.186+0000 [id=117]	INFO	jenkins.InitReactorRunner$1#onAttained: Completed initialization
2020-03-24 07:04:08.801+0000 [id=98]	INFO	hudson.PluginManager#dynamicLoad: Plugin build-timeout:1.19.1 dynamically installed
2020-03-24 07:04:08.801+0000 [id=98]	INFO	h.model.UpdateCenter$DownloadJob#run: Installation successful: Build Timeout
2020-03-24 07:04:08.802+0000 [id=98]	INFO	h.model.UpdateCenter$DownloadJob#run: Starting the installation of Pipeline: Step API on behalf of admin
2020-03-24 07:04:09.823+0000 [id=98]	INFO	h.m.UpdateCenter$UpdateCenterConfiguration#download: Downloading Pipeline: Step API
2020-03-24 07:04:10.180+0000 [id=98]	INFO	hudson.PluginManager#dynamicLoad: Attempting to dynamic load /var/jenkins_home/plugins/workflow-step-api.jpi
2020-03-24 07:04:10.181+0000 [id=98]	INFO	h.model.UpdateCenter$DownloadJob#run: Starting the installation of SSH Credentials on behalf of admin
2020-03-24 07:04:11.239+0000 [id=98]	INFO	h.m.UpdateCenter$UpdateCenterConfiguration#download: Downloading SSH Credentials
2020-03-24 07:04:11.595+0000 [id=98]	INFO	hudson.PluginManager#dynamicLoad: Attempting to dynamic load /var/jenkins_home/plugins/ssh-credentials.jpi
2020-03-24 07:04:11.596+0000 [id=98]	INFO	h.model.UpdateCenter$DownloadJob#run: Starting the installation of Credentials Binding on behalf of admin
2020-03-24 07:04:12.694+0000 [id=98]	INFO	h.m.UpdateCenter$UpdateCenterConfiguration#download: Downloading Credentials Binding
2020-03-24 07:04:13.067+0000 [id=98]	INFO	hudson.PluginManager#dynamicLoad: Attempting to dynamic load /var/jenkins_home/plugins/credentials-binding.jpi
2020-03-24 07:04:13.067+0000 [id=98]	INFO	h.model.UpdateCenter$DownloadJob#run: Starting the installation of Pipeline: API on behalf of admin
2020-03-24 07:04:14.456+0000 [id=98]	INFO	h.m.UpdateCenter$UpdateCenterConfiguration#download: Downloading Pipeline: API
2020-03-24 07:04:15.409+0000 [id=98]	INFO	hudson.PluginManager#dynamicLoad: Attempting to dynamic load /var/jenkins_home/plugins/workflow-api.jpi
2020-03-24 07:04:15.410+0000 [id=98]	INFO	h.model.UpdateCenter$DownloadJob#run: Starting the installation of Timestamper on behalf of admin
2020-03-24 07:04:16.422+0000 [id=98]	INFO	h.m.UpdateCenter$UpdateCenterConfiguration#download: Downloading Timestamper
2020-03-24 07:04:18.796+0000 [id=98]	INFO	hudson.PluginManager#dynamicLoad: Attempting to dynamic load /var/jenkins_home/plugins/timestamper.jpi
2020-03-24 07:04:18.873+0000 [id=98]	SEVERE	h.model.UpdateCenter$DownloadJob#run: Failed to install Timestamper
java.io.IOException: Timestamper v1.11.2 failed to load.
 - Pipeline: Step API v2.18 is older than required. To fix, install v2.19 or later.
 - Pipeline: API v2.33 is older than required. To fix, install v2.39 or later.
	at hudson.PluginWrapper.resolvePluginDependencies(PluginWrapper.java:652)
	at hudson.PluginManager.dynamicLoad(PluginManager.java:879)
Caused: java.io.IOException: Failed to install timestamper plugin
	at hudson.PluginManager.dynamicLoad(PluginManager.java:889)
	at hudson.PluginManager.dynamicLoad(PluginManager.java:825)
	at hudson.model.UpdateCenter$InstallationJob._run(UpdateCenter.java:1997)
Caused: java.io.IOException: Failed to dynamically deploy this plugin
	at hudson.model.UpdateCenter$InstallationJob._run(UpdateCenter.java:2001)
	at hudson.model.UpdateCenter$DownloadJob.run(UpdateCenter.java:1693)
	at java.util.concurrent.Executors$RunnableAdapter.call(Executors.java:511)
	at java.util.concurrent.FutureTask.run(FutureTask.java:266)
	at hudson.remoting.AtmostOneThreadExecutor$Worker.run(AtmostOneThreadExecutor.java:112)
	at java.lang.Thread.run(Thread.java:748)
2020-03-24 07:04:18.873+0000 [id=98]	INFO	h.model.UpdateCenter$DownloadJob#run: Starting the installation of Script Security on behalf of admin
2020-03-24 07:04:20.327+0000 [id=98]	INFO	h.m.UpdateCenter$UpdateCenterConfiguration#download: Downloading Script Security
2020-03-24 07:04:21.428+0000 [id=98]	INFO	hudson.PluginManager#dynamicLoad: Attempting to dynamic load /var/jenkins_home/plugins/script-security.jpi
2020-03-24 07:04:21.429+0000 [id=98]	INFO	h.model.UpdateCenter$DownloadJob#run: Starting the installation of Workspace Cleanup on behalf of admin
2020-03-24 07:04:22.565+0000 [id=98]	INFO	h.m.UpdateCenter$UpdateCenterConfiguration#download: Downloading Workspace Cleanup
2020-03-24 07:04:23.981+0000 [id=98]	INFO	hudson.PluginManager#dynamicLoad: Attempting to dynamic load /var/jenkins_home/plugins/ws-cleanup.jpi
2020-03-24 07:04:23.987+0000 [id=98]	INFO	h.model.UpdateCenter$DownloadJob#run: Starting the installation of Ant on behalf of admin
2020-03-24 07:04:25.541+0000 [id=98]	INFO	h.m.UpdateCenter$UpdateCenterConfiguration#download: Downloading Ant
2020-03-24 07:04:26.336+0000 [id=98]	INFO	hudson.PluginManager#dynamicLoad: Attempting to dynamic load /var/jenkins_home/plugins/ant.jpi
2020-03-24 07:04:26.337+0000 [id=98]	INFO	h.model.UpdateCenter$DownloadJob#run: Starting the installation of Pipeline: Supporting APIs on behalf of admin
2020-03-24 07:04:26.343+0000 [id=118]	WARNING	j.m.api.Metrics$HealthChecker#execute: Some health checks are reporting as unhealthy: [plugins : There are 1 failed plugins: timestamper]
2020-03-24 07:04:27.321+0000 [id=98]	INFO	h.m.UpdateCenter$UpdateCenterConfiguration#download: Downloading Pipeline: Supporting APIs
2020-03-24 07:04:27.784+0000 [id=98]	INFO	hudson.PluginManager#dynamicLoad: Attempting to dynamic load /var/jenkins_home/plugins/workflow-support.jpi
2020-03-24 07:04:27.784+0000 [id=98]	INFO	h.model.UpdateCenter$DownloadJob#run: Starting the installation of Pipeline: Groovy on behalf of admin
2020-03-24 07:04:29.019+0000 [id=98]	INFO	h.m.UpdateCenter$UpdateCenterConfiguration#download: Downloading Pipeline: Groovy
2020-03-24 07:04:31.493+0000 [id=98]	INFO	hudson.PluginManager#dynamicLoad: Attempting to dynamic load /var/jenkins_home/plugins/workflow-cps.jpi
2020-03-24 07:04:31.494+0000 [id=98]	INFO	h.model.UpdateCenter$DownloadJob#run: Starting the installation of Pipeline: Job on behalf of admin
2020-03-24 07:04:32.441+0000 [id=98]	INFO	h.m.UpdateCenter$UpdateCenterConfiguration#download: Downloading Pipeline: Job
2020-03-24 07:04:32.769+0000 [id=98]	INFO	hudson.PluginManager#dynamicLoad: Attempting to dynamic load /var/jenkins_home/plugins/workflow-job.jpi
2020-03-24 07:04:32.770+0000 [id=98]	INFO	h.model.UpdateCenter$DownloadJob#run: Starting the installation of Durable Task on behalf of admin
2020-03-24 07:04:33.750+0000 [id=98]	INFO	h.m.UpdateCenter$UpdateCenterConfiguration#download: Downloading Durable Task
2020-03-24 07:04:35.177+0000 [id=98]	INFO	hudson.PluginManager#dynamicLoad: Attempting to dynamic load /var/jenkins_home/plugins/durable-task.jpi
2020-03-24 07:04:35.178+0000 [id=98]	INFO	h.model.UpdateCenter$DownloadJob#run: Starting the installation of Pipeline: Nodes and Processes on behalf of admin
2020-03-24 07:04:36.425+0000 [id=98]	INFO	h.m.UpdateCenter$UpdateCenterConfiguration#download: Downloading Pipeline: Nodes and Processes
2020-03-24 07:04:36.681+0000 [id=98]	INFO	hudson.PluginManager#dynamicLoad: Attempting to dynamic load /var/jenkins_home/plugins/workflow-durable-task-step.jpi
2020-03-24 07:04:36.682+0000 [id=98]	INFO	h.model.UpdateCenter$DownloadJob#run: Starting the installation of Pipeline: Basic Steps on behalf of admin
2020-03-24 07:04:37.944+0000 [id=98]	INFO	h.m.UpdateCenter$UpdateCenterConfiguration#download: Downloading Pipeline: Basic Steps
2020-03-24 07:04:38.743+0000 [id=98]	INFO	hudson.PluginManager#dynamicLoad: Attempting to dynamic load /var/jenkins_home/plugins/workflow-basic-steps.jpi
2020-03-24 07:04:38.744+0000 [id=98]	INFO	h.model.UpdateCenter$DownloadJob#run: Starting the installation of Gradle on behalf of admin
2020-03-24 07:04:39.945+0000 [id=98]	INFO	h.m.UpdateCenter$UpdateCenterConfiguration#download: Downloading Gradle
2020-03-24 07:04:40.486+0000 [id=98]	INFO	hudson.PluginManager#dynamicLoad: Attempting to dynamic load /var/jenkins_home/plugins/gradle.jpi
2020-03-24 07:04:40.487+0000 [id=98]	INFO	h.model.UpdateCenter$DownloadJob#run: Starting the installation of Jackson 2 API on behalf of admin
2020-03-24 07:04:41.655+0000 [id=98]	INFO	h.m.UpdateCenter$UpdateCenterConfiguration#download: Downloading Jackson 2 API
2020-03-24 07:04:44.195+0000 [id=98]	INFO	hudson.PluginManager#dynamicLoad: Attempting to dynamic load /var/jenkins_home/plugins/jackson2-api.jpi
2020-03-24 07:04:44.196+0000 [id=98]	INFO	h.model.UpdateCenter$DownloadJob#run: Starting the installation of GitHub API on behalf of admin
2020-03-24 07:04:45.319+0000 [id=98]	INFO	h.m.UpdateCenter$UpdateCenterConfiguration#download: Downloading GitHub API
2020-03-24 07:04:46.957+0000 [id=98]	INFO	hudson.PluginManager#dynamicLoad: Attempting to dynamic load /var/jenkins_home/plugins/github-api.jpi
2020-03-24 07:04:46.958+0000 [id=98]	INFO	h.model.UpdateCenter$DownloadJob#run: Starting the installation of Pipeline: SCM Step on behalf of admin
2020-03-24 07:04:48.232+0000 [id=98]	INFO	h.m.UpdateCenter$UpdateCenterConfiguration#download: Downloading Pipeline: SCM Step
2020-03-24 07:04:48.458+0000 [id=98]	INFO	hudson.PluginManager#dynamicLoad: Attempting to dynamic load /var/jenkins_home/plugins/workflow-scm-step.jpi
2020-03-24 07:04:48.458+0000 [id=98]	INFO	h.model.UpdateCenter$DownloadJob#run: Starting the installation of Apache HttpComponents Client 4.x API on behalf of admin
2020-03-24 07:04:49.411+0000 [id=98]	INFO	h.m.UpdateCenter$UpdateCenterConfiguration#download: Downloading Apache HttpComponents Client 4.x API
2020-03-24 07:04:50.946+0000 [id=98]	INFO	hudson.PluginManager#dynamicLoad: Attempting to dynamic load /var/jenkins_home/plugins/apache-httpcomponents-client-4-api.jpi
2020-03-24 07:04:50.963+0000 [id=98]	INFO	h.model.UpdateCenter$DownloadJob#run: Starting the installation of JSch dependency on behalf of admin
2020-03-24 07:04:51.969+0000 [id=98]	INFO	h.m.UpdateCenter$UpdateCenterConfiguration#download: Downloading JSch dependency
2020-03-24 07:04:52.414+0000 [id=98]	INFO	hudson.PluginManager#dynamicLoad: Attempting to dynamic load /var/jenkins_home/plugins/jsch.jpi
2020-03-24 07:04:52.414+0000 [id=98]	INFO	h.model.UpdateCenter$DownloadJob#run: Starting the installation of Git client on behalf of admin
2020-03-24 07:04:53.585+0000 [id=98]	INFO	h.m.UpdateCenter$UpdateCenterConfiguration#download: Downloading Git client
2020-03-24 07:05:00.258+0000 [id=98]	INFO	hudson.PluginManager#dynamicLoad: Attempting to dynamic load /var/jenkins_home/plugins/git-client.jpi
2020-03-24 07:05:00.258+0000 [id=98]	INFO	h.model.UpdateCenter$DownloadJob#run: Starting the installation of SCM API on behalf of admin
2020-03-24 07:05:01.195+0000 [id=98]	INFO	h.m.UpdateCenter$UpdateCenterConfiguration#download: Downloading SCM API
2020-03-24 07:05:01.437+0000 [id=98]	INFO	hudson.PluginManager#dynamicLoad: Attempting to dynamic load /var/jenkins_home/plugins/scm-api.jpi
2020-03-24 07:05:01.437+0000 [id=98]	INFO	h.model.UpdateCenter$DownloadJob#run: Starting the installation of Matrix Project on behalf of admin
2020-03-24 07:05:02.862+0000 [id=98]	INFO	h.m.UpdateCenter$UpdateCenterConfiguration#download: Downloading Matrix Project
2020-03-24 07:05:04.324+0000 [id=98]	INFO	hudson.PluginManager#dynamicLoad: Attempting to dynamic load /var/jenkins_home/plugins/matrix-project.jpi
2020-03-24 07:05:04.325+0000 [id=98]	INFO	h.model.UpdateCenter$DownloadJob#run: Starting the installation of Token Macro on behalf of admin
2020-03-24 07:05:05.263+0000 [id=98]	INFO	h.m.UpdateCenter$UpdateCenterConfiguration#download: Downloading Token Macro
2020-03-24 07:05:06.033+0000 [id=98]	INFO	hudson.PluginManager#dynamicLoad: Attempting to dynamic load /var/jenkins_home/plugins/token-macro.jpi
2020-03-24 07:05:06.033+0000 [id=98]	INFO	h.model.UpdateCenter$DownloadJob#run: Starting the installation of Git on behalf of admin
2020-03-24 07:05:06.977+0000 [id=98]	INFO	h.m.UpdateCenter$UpdateCenterConfiguration#download: Downloading Git
2020-03-24 07:05:08.642+0000 [id=98]	INFO	hudson.PluginManager#dynamicLoad: Attempting to dynamic load /var/jenkins_home/plugins/git.jpi
2020-03-24 07:05:08.643+0000 [id=98]	INFO	h.model.UpdateCenter$DownloadJob#run: Starting the installation of GitHub Branch Source on behalf of admin
2020-03-24 07:05:09.585+0000 [id=98]	INFO	h.m.UpdateCenter$UpdateCenterConfiguration#download: Downloading GitHub Branch Source
2020-03-24 07:05:10.246+0000 [id=98]	INFO	hudson.PluginManager#dynamicLoad: Attempting to dynamic load /var/jenkins_home/plugins/github-branch-source.jpi
2020-03-24 07:05:10.246+0000 [id=98]	INFO	h.model.UpdateCenter$DownloadJob#run: Starting the installation of Pipeline: GitHub Groovy Libraries on behalf of admin
2020-03-24 07:05:11.474+0000 [id=98]	INFO	h.m.UpdateCenter$UpdateCenterConfiguration#download: Downloading Pipeline: GitHub Groovy Libraries
2020-03-24 07:05:11.480+0000 [id=98]	INFO	hudson.PluginManager#dynamicLoad: Attempting to dynamic load /var/jenkins_home/plugins/pipeline-github-lib.jpi
2020-03-24 07:05:12.037+0000 [id=124]	INFO	jenkins.InitReactorRunner$1#onAttained: Started initialization
2020-03-24 07:05:12.037+0000 [id=125]	INFO	jenkins.InitReactorRunner$1#onAttained: Listed all plugins
2020-03-24 07:05:12.038+0000 [id=125]	INFO	jenkins.InitReactorRunner$1#onAttained: Prepared all plugins
2020-03-24 07:05:12.038+0000 [id=125]	INFO	jenkins.InitReactorRunner$1#onAttained: Started all plugins
2020-03-24 07:05:12.038+0000 [id=125]	INFO	jenkins.InitReactorRunner$1#onAttained: Augmented all extensions
2020-03-24 07:05:12.038+0000 [id=125]	INFO	jenkins.InitReactorRunner$1#onAttained: Loaded all jobs
2020-03-24 07:05:12.038+0000 [id=125]	INFO	jenkins.InitReactorRunner$1#onAttained: Completed initialization
2020-03-24 07:05:12.718+0000 [id=98]	INFO	hudson.PluginManager#dynamicLoad: Plugin pipeline-github-lib:1.0 dynamically installed
2020-03-24 07:05:12.718+0000 [id=98]	INFO	h.model.UpdateCenter$DownloadJob#run: Installation successful: Pipeline: GitHub Groovy Libraries
2020-03-24 07:05:12.718+0000 [id=98]	INFO	h.model.UpdateCenter$DownloadJob#run: Starting the installation of Pipeline: REST API on behalf of admin
2020-03-24 07:05:13.763+0000 [id=98]	INFO	h.m.UpdateCenter$UpdateCenterConfiguration#download: Downloading Pipeline: REST API
2020-03-24 07:05:14.152+0000 [id=98]	INFO	hudson.PluginManager#dynamicLoad: Attempting to dynamic load /var/jenkins_home/plugins/pipeline-rest-api.jpi
2020-03-24 07:05:14.153+0000 [id=98]	INFO	h.model.UpdateCenter$DownloadJob#run: Starting the installation of Pipeline: Stage View on behalf of admin
2020-03-24 07:05:15.186+0000 [id=98]	INFO	h.m.UpdateCenter$UpdateCenterConfiguration#download: Downloading Pipeline: Stage View
2020-03-24 07:05:15.963+0000 [id=98]	INFO	hudson.PluginManager#dynamicLoad: Attempting to dynamic load /var/jenkins_home/plugins/pipeline-stage-view.jpi
2020-03-24 07:05:15.970+0000 [id=98]	INFO	h.model.UpdateCenter$DownloadJob#run: Starting the installation of Git on behalf of admin
2020-03-24 07:05:15.970+0000 [id=98]	INFO	h.m.UpdateCenter$InstallationJob#_run: Skipping duplicate install of: Git@4.2.2
2020-03-24 07:05:15.970+0000 [id=98]	INFO	h.model.UpdateCenter$DownloadJob#run: Installation successful: Git
2020-03-24 07:05:15.970+0000 [id=98]	INFO	h.model.UpdateCenter$DownloadJob#run: Starting the installation of MapDB API on behalf of admin
2020-03-24 07:05:17.542+0000 [id=98]	INFO	h.m.UpdateCenter$UpdateCenterConfiguration#download: Downloading MapDB API
2020-03-24 07:05:18.305+0000 [id=98]	INFO	hudson.PluginManager#dynamicLoad: Attempting to dynamic load /var/jenkins_home/plugins/mapdb-api.jpi
2020-03-24 07:05:18.661+0000 [id=127]	INFO	jenkins.InitReactorRunner$1#onAttained: Started initialization
2020-03-24 07:05:18.661+0000 [id=128]	INFO	jenkins.InitReactorRunner$1#onAttained: Listed all plugins
2020-03-24 07:05:18.661+0000 [id=128]	INFO	jenkins.InitReactorRunner$1#onAttained: Prepared all plugins
2020-03-24 07:05:18.662+0000 [id=128]	INFO	jenkins.InitReactorRunner$1#onAttained: Started all plugins
2020-03-24 07:05:18.662+0000 [id=128]	INFO	jenkins.InitReactorRunner$1#onAttained: Augmented all extensions
2020-03-24 07:05:18.662+0000 [id=128]	INFO	jenkins.InitReactorRunner$1#onAttained: Loaded all jobs
2020-03-24 07:05:18.662+0000 [id=128]	INFO	jenkins.InitReactorRunner$1#onAttained: Completed initialization
2020-03-24 07:05:19.087+0000 [id=98]	INFO	hudson.PluginManager#dynamicLoad: Plugin mapdb-api:1.0.9.0 dynamically installed
2020-03-24 07:05:19.087+0000 [id=98]	INFO	h.model.UpdateCenter$DownloadJob#run: Installation successful: MapDB API
2020-03-24 07:05:19.087+0000 [id=98]	INFO	h.model.UpdateCenter$DownloadJob#run: Starting the installation of Subversion on behalf of admin
2020-03-24 07:05:20.169+0000 [id=98]	INFO	h.m.UpdateCenter$UpdateCenterConfiguration#download: Downloading Subversion
2020-03-24 07:05:41.499+0000 [id=98]	INFO	hudson.PluginManager#dynamicLoad: Attempting to dynamic load /var/jenkins_home/plugins/subversion.jpi
2020-03-24 07:05:41.906+0000 [id=98]	SEVERE	h.model.UpdateCenter$DownloadJob#run: Failed to install Subversion
java.io.IOException: Jenkins Subversion Plug-in v2.13.1 failed to load.
 - SCM API Plugin v2.3.0 is older than required. To fix, install v2.6.3 or later.
	at hudson.PluginWrapper.resolvePluginDependencies(PluginWrapper.java:652)
	at hudson.PluginManager.dynamicLoad(PluginManager.java:879)
Caused: java.io.IOException: Failed to install subversion plugin
	at hudson.PluginManager.dynamicLoad(PluginManager.java:889)
	at hudson.PluginManager.dynamicLoad(PluginManager.java:825)
	at hudson.model.UpdateCenter$InstallationJob._run(UpdateCenter.java:1997)
Caused: java.io.IOException: Failed to dynamically deploy this plugin
	at hudson.model.UpdateCenter$InstallationJob._run(UpdateCenter.java:2001)
	at hudson.model.UpdateCenter$DownloadJob.run(UpdateCenter.java:1693)
	at java.util.concurrent.Executors$RunnableAdapter.call(Executors.java:511)
	at java.util.concurrent.FutureTask.run(FutureTask.java:266)
	at hudson.remoting.AtmostOneThreadExecutor$Worker.run(AtmostOneThreadExecutor.java:112)
	at java.lang.Thread.run(Thread.java:748)
2020-03-24 07:05:41.934+0000 [id=98]	INFO	h.model.UpdateCenter$DownloadJob#run: Starting the installation of SSH Slaves on behalf of admin
2020-03-24 07:05:43.316+0000 [id=98]	INFO	h.m.UpdateCenter$UpdateCenterConfiguration#download: Downloading SSH Slaves
2020-03-24 07:05:43.745+0000 [id=98]	INFO	hudson.PluginManager#dynamicLoad: Attempting to dynamic load /var/jenkins_home/plugins/ssh-slaves.jpi
2020-03-24 07:05:43.780+0000 [id=98]	SEVERE	h.model.UpdateCenter$DownloadJob#run: Failed to install SSH Slaves
java.io.IOException: Jenkins SSH Slaves plugin v1.30.4 failed to load.
 - Credentials Plugin v2.1.18 is older than required. To fix, install v2.2.0 or later.
 - SSH Credentials Plugin v1.14 is older than required. To fix, install v1.16 or later.
	at hudson.PluginWrapper.resolvePluginDependencies(PluginWrapper.java:652)
	at hudson.PluginManager.dynamicLoad(PluginManager.java:879)
Caused: java.io.IOException: Failed to install ssh-slaves plugin
	at hudson.PluginManager.dynamicLoad(PluginManager.java:889)
	at hudson.PluginManager.dynamicLoad(PluginManager.java:825)
	at hudson.model.UpdateCenter$InstallationJob._run(UpdateCenter.java:1997)
Caused: java.io.IOException: Failed to dynamically deploy this plugin
	at hudson.model.UpdateCenter$InstallationJob._run(UpdateCenter.java:2001)
	at hudson.model.UpdateCenter$DownloadJob.run(UpdateCenter.java:1693)
	at java.util.concurrent.Executors$RunnableAdapter.call(Executors.java:511)
	at java.util.concurrent.FutureTask.run(FutureTask.java:266)
	at hudson.remoting.AtmostOneThreadExecutor$Worker.run(AtmostOneThreadExecutor.java:112)
	at java.lang.Thread.run(Thread.java:748)
2020-03-24 07:05:43.781+0000 [id=98]	INFO	h.model.UpdateCenter$DownloadJob#run: Starting the installation of Matrix Authorization Strategy on behalf of admin
2020-03-24 07:05:45.178+0000 [id=98]	INFO	h.m.UpdateCenter$UpdateCenterConfiguration#download: Downloading Matrix Authorization Strategy
2020-03-24 07:05:46.309+0000 [id=98]	INFO	hudson.PluginManager#dynamicLoad: Attempting to dynamic load /var/jenkins_home/plugins/matrix-auth.jpi
2020-03-24 07:05:46.371+0000 [id=98]	SEVERE	h.model.UpdateCenter$DownloadJob#run: Failed to install Matrix Authorization Strategy
java.io.IOException: Matrix Authorization Strategy Plugin v2.5 failed to load.
 - Configuration as Code Plugin v1.4 is older than required. To fix, install v1.12 or later.
	at hudson.PluginWrapper.resolvePluginDependencies(PluginWrapper.java:652)
	at hudson.PluginManager.dynamicLoad(PluginManager.java:879)
Caused: java.io.IOException: Failed to install matrix-auth plugin
	at hudson.PluginManager.dynamicLoad(PluginManager.java:889)
	at hudson.PluginManager.dynamicLoad(PluginManager.java:825)
	at hudson.model.UpdateCenter$InstallationJob._run(UpdateCenter.java:1997)
Caused: java.io.IOException: Failed to dynamically deploy this plugin
	at hudson.model.UpdateCenter$InstallationJob._run(UpdateCenter.java:2001)
	at hudson.model.UpdateCenter$DownloadJob.run(UpdateCenter.java:1693)
	at java.util.concurrent.Executors$RunnableAdapter.call(Executors.java:511)
	at java.util.concurrent.FutureTask.run(FutureTask.java:266)
	at hudson.remoting.AtmostOneThreadExecutor$Worker.run(AtmostOneThreadExecutor.java:112)
	at java.lang.Thread.run(Thread.java:748)
2020-03-24 07:05:46.372+0000 [id=98]	INFO	h.model.UpdateCenter$DownloadJob#run: Starting the installation of PAM Authentication on behalf of admin
2020-03-24 07:05:47.418+0000 [id=98]	INFO	h.m.UpdateCenter$UpdateCenterConfiguration#download: Downloading PAM Authentication
2020-03-24 07:05:50.132+0000 [id=98]	INFO	hudson.PluginManager#dynamicLoad: Attempting to dynamic load /var/jenkins_home/plugins/pam-auth.jpi
2020-03-24 07:05:50.656+0000 [id=135]	INFO	jenkins.InitReactorRunner$1#onAttained: Started initialization
2020-03-24 07:05:50.659+0000 [id=136]	INFO	jenkins.InitReactorRunner$1#onAttained: Listed all plugins
2020-03-24 07:05:50.659+0000 [id=136]	INFO	jenkins.InitReactorRunner$1#onAttained: Prepared all plugins
2020-03-24 07:05:50.659+0000 [id=136]	INFO	jenkins.InitReactorRunner$1#onAttained: Started all plugins
2020-03-24 07:05:50.659+0000 [id=136]	INFO	jenkins.InitReactorRunner$1#onAttained: Augmented all extensions
2020-03-24 07:05:50.659+0000 [id=136]	INFO	jenkins.InitReactorRunner$1#onAttained: Loaded all jobs
2020-03-24 07:05:50.659+0000 [id=136]	INFO	jenkins.InitReactorRunner$1#onAttained: Completed initialization
2020-03-24 07:05:51.326+0000 [id=98]	INFO	hudson.PluginManager#dynamicLoad: Plugin pam-auth:1.6 dynamically installed
2020-03-24 07:05:51.326+0000 [id=98]	INFO	h.model.UpdateCenter$DownloadJob#run: Installation successful: PAM Authentication
2020-03-24 07:05:51.326+0000 [id=98]	INFO	h.model.UpdateCenter$DownloadJob#run: Starting the installation of LDAP on behalf of admin
2020-03-24 07:05:54.249+0000 [id=98]	INFO	h.m.UpdateCenter$UpdateCenterConfiguration#download: Downloading LDAP
2020-03-24 07:05:54.706+0000 [id=98]	INFO	hudson.PluginManager#dynamicLoad: Attempting to dynamic load /var/jenkins_home/plugins/ldap.jpi
2020-03-24 07:05:55.279+0000 [id=137]	INFO	jenkins.InitReactorRunner$1#onAttained: Started initialization
2020-03-24 07:05:55.280+0000 [id=138]	INFO	jenkins.InitReactorRunner$1#onAttained: Listed all plugins
2020-03-24 07:05:55.280+0000 [id=138]	INFO	jenkins.InitReactorRunner$1#onAttained: Prepared all plugins
2020-03-24 07:05:55.280+0000 [id=138]	INFO	jenkins.InitReactorRunner$1#onAttained: Started all plugins
2020-03-24 07:05:55.280+0000 [id=138]	INFO	jenkins.InitReactorRunner$1#onAttained: Augmented all extensions
2020-03-24 07:05:55.281+0000 [id=138]	INFO	jenkins.InitReactorRunner$1#onAttained: Loaded all jobs
2020-03-24 07:05:55.281+0000 [id=138]	INFO	jenkins.InitReactorRunner$1#onAttained: Completed initialization
2020-03-24 07:05:55.697+0000 [id=98]	INFO	hudson.PluginManager#dynamicLoad: Plugin ldap:1.21 dynamically installed
2020-03-24 07:05:55.698+0000 [id=98]	INFO	h.model.UpdateCenter$DownloadJob#run: Installation successful: LDAP
2020-03-24 07:05:55.698+0000 [id=98]	INFO	h.model.UpdateCenter$DownloadJob#run: Starting the installation of Email Extension on behalf of admin
2020-03-24 07:05:57.425+0000 [id=98]	INFO	h.m.UpdateCenter$UpdateCenterConfiguration#download: Downloading Email Extension
2020-03-24 07:06:03.191+0000 [id=98]	INFO	hudson.PluginManager#dynamicLoad: Attempting to dynamic load /var/jenkins_home/plugins/email-ext.jpi
2020-03-24 07:06:03.430+0000 [id=98]	SEVERE	h.model.UpdateCenter$DownloadJob#run: Failed to install Email Extension
java.io.IOException: Email Extension Plugin v2.69 failed to load.
 - Script Security Plugin v1.50 is older than required. To fix, install v1.54 or later.
 - Pipeline: Step API v2.18 is older than required. To fix, install v2.19 or later.
	at hudson.PluginWrapper.resolvePluginDependencies(PluginWrapper.java:652)
	at hudson.PluginManager.dynamicLoad(PluginManager.java:879)
Caused: java.io.IOException: Failed to install email-ext plugin
	at hudson.PluginManager.dynamicLoad(PluginManager.java:889)
	at hudson.PluginManager.dynamicLoad(PluginManager.java:825)
	at hudson.model.UpdateCenter$InstallationJob._run(UpdateCenter.java:1997)
Caused: java.io.IOException: Failed to dynamically deploy this plugin
	at hudson.model.UpdateCenter$InstallationJob._run(UpdateCenter.java:2001)
	at hudson.model.UpdateCenter$DownloadJob.run(UpdateCenter.java:1693)
	at java.util.concurrent.Executors$RunnableAdapter.call(Executors.java:511)
	at java.util.concurrent.FutureTask.run(FutureTask.java:266)
	at hudson.remoting.AtmostOneThreadExecutor$Worker.run(AtmostOneThreadExecutor.java:112)
	at java.lang.Thread.run(Thread.java:748)
2020-03-24 07:06:03.431+0000 [id=98]	INFO	h.model.UpdateCenter$DownloadJob#run: Starting the installation of Display URL API on behalf of admin
2020-03-24 07:06:04.662+0000 [id=98]	INFO	h.m.UpdateCenter$UpdateCenterConfiguration#download: Downloading Display URL API
2020-03-24 07:06:04.877+0000 [id=98]	INFO	hudson.PluginManager#dynamicLoad: Attempting to dynamic load /var/jenkins_home/plugins/display-url-api.jpi
2020-03-24 07:06:04.878+0000 [id=98]	INFO	h.model.UpdateCenter$DownloadJob#run: Starting the installation of Mailer on behalf of admin
2020-03-24 07:06:05.897+0000 [id=98]	INFO	h.m.UpdateCenter$UpdateCenterConfiguration#download: Downloading Mailer
2020-03-24 07:06:06.609+0000 [id=98]	INFO	hudson.PluginManager#dynamicLoad: Attempting to dynamic load /var/jenkins_home/plugins/mailer.jpi
2020-03-24 07:13:52.799+0000 [id=76]	INFO	hudson.model.UpdateCenter#doSafeRestart: Scheduling Jenkins reboot
2020-03-24 07:13:52.833+0000 [id=181]	INFO	jenkins.model.Jenkins$23#run: Restart in 10 seconds
2020-03-24 07:14:02.836+0000 [id=181]	INFO	jenkins.model.Jenkins$23#run: Restarting VM as requested by admin
2020-03-24 07:14:02.838+0000 [id=181]	INFO	jenkins.model.Jenkins#cleanUp: Stopping Jenkins
2020-03-24 07:14:02.937+0000 [id=181]	INFO	jenkins.model.Jenkins$18#onAttained: Started termination
2020-03-24 07:14:03.001+0000 [id=181]	INFO	jenkins.model.Jenkins$18#onAttained: Completed termination
2020-03-24 07:14:03.002+0000 [id=181]	INFO	jenkins.model.Jenkins#_cleanUpDisconnectComputers: Starting node disconnection
2020-03-24 07:14:03.135+0000 [id=181]	INFO	jenkins.model.Jenkins#_cleanUpShutdownPluginManager: Stopping plugin manager
